[askbootstrap.com/preview/foodmart/index.html]
[askbootstrap.com/preview/foodmart/img/logo.png]
[backblue.gif]
[fade.gif]
[index.html]
[askbootstrap.com/preview/foodmart/vender/bootstrap/css/bootstrap.min.css]
[askbootstrap.com/preview/foodmart/vender/icofont/icofont.min.css]
[askbootstrap.com/preview/foodmart/vender/sidebar/demo.css]
[askbootstrap.com/preview/foodmart/css/style.css]
[askbootstrap.com/preview/foodmart/profile.html]
[askbootstrap.com/preview/foodmart/listing.html]
[askbootstrap.com/preview/foodmart/img/category-1.png]
[askbootstrap.com/preview/foodmart/img/category-2.png]
[askbootstrap.com/preview/foodmart/img/category-3.png]
[askbootstrap.com/preview/foodmart/img/category-4.png]
[askbootstrap.com/preview/foodmart/img/category-5.png]
[askbootstrap.com/preview/foodmart/img/category-6.png]
[askbootstrap.com/preview/foodmart/img/category-7.png]
[askbootstrap.com/preview/foodmart/img/category-8.png]
[askbootstrap.com/preview/foodmart/img/category-9.png]
[askbootstrap.com/preview/foodmart/img/category-10.png]
[askbootstrap.com/preview/foodmart/img/category-11.png]
[askbootstrap.com/preview/foodmart/img/category-12.png]
[askbootstrap.com/preview/foodmart/img/category-13.png]
[askbootstrap.com/preview/foodmart/img/category-14.png]
[askbootstrap.com/preview/foodmart/img/category-15.png]
[askbootstrap.com/preview/foodmart/img/category-16.png]
[askbootstrap.com/preview/foodmart/img/category-17.png]
[askbootstrap.com/preview/foodmart/img/category-18.png]
[askbootstrap.com/preview/foodmart/img/category-19.png]
[askbootstrap.com/preview/foodmart/img/category-20.png]
[askbootstrap.com/preview/foodmart/img/category-21.png]
[askbootstrap.com/preview/foodmart/img/category-22.png]
[askbootstrap.com/preview/foodmart/img/category-23.png]
[askbootstrap.com/preview/foodmart/img/category-24.png]
[askbootstrap.com/preview/foodmart/product-detail.html]
[askbootstrap.com/preview/foodmart/img/amul-butter.png]
[askbootstrap.com/preview/foodmart/cart.html]
[askbootstrap.com/preview/foodmart/img/fortune-oil.png]
[askbootstrap.com/preview/foodmart/img/kachighani-oil.png]
[askbootstrap.com/preview/foodmart/img/uncle-chips.png]
[askbootstrap.com/preview/foodmart/img/tata-gold.png]
[askbootstrap.com/preview/foodmart/img/banner1.png]
[askbootstrap.com/preview/foodmart/track-delivery-boy.html]
[askbootstrap.com/preview/foodmart/img/kurkure.png]
[askbootstrap.com/preview/foodmart/img/lays-cream.png]
[askbootstrap.com/preview/foodmart/img/lays-masala.png]
[askbootstrap.com/preview/foodmart/img/lays-potato.png]
[askbootstrap.com/preview/foodmart/img/lays-hot-potato.png]
[askbootstrap.com/preview/foodmart/img/delivery-boy.jpg]
[askbootstrap.com/preview/foodmart/payment-option.html]
[askbootstrap.com/preview/foodmart/payment-details.html]
[askbootstrap.com/preview/foodmart/order-received.html]
[askbootstrap.com/preview/foodmart/track-order.html]
[askbootstrap.com/preview/foodmart/order-detail.html]
[askbootstrap.com/preview/foodmart/vender/bootstrap/js/bootstrap.bundle.min.js]
[askbootstrap.com/preview/foodmart/vender/jquery/jquery.min.js]
[askbootstrap.com/preview/foodmart/vender/slick/slick/slick.min.js]
[askbootstrap.com/preview/foodmart/vender/sidebar/hc-offcanvas-nav.js]
[askbootstrap.com/preview/foodmart/js/custom.js]
[askbootstrap.com/preview/foodmart/index.html]
[askbootstrap.com/preview/foodmart/vender/bootstrap/css/bootstrap.min.css]
[askbootstrap.com/cdn-cgi/scripts/7d0fa10a/cloudflare-static/rocket-loader.min.js]
[askbootstrap.com/preview/foodmart/vender/icofont/fonts/icofont.woff2]
[askbootstrap.com/preview/foodmart/vender/icofont/icofont.min.css]
[askbootstrap.com/preview/foodmart/vender/slick/slick/slick.css]
[askbootstrap.com/preview/foodmart/vender/slick/slick/slick-theme.css]
[askbootstrap.com/preview/foodmart/vender/sidebar/demo.css]
[askbootstrap.com/preview/foodmart/vender/icofont/fonts/icofont.woff]
[askbootstrap.com/preview/foodmart/css/style.css]
[cdn.jsdelivr.net/npm/bootstrap-icons@1.10.3/font/bootstrap-icons.css]
[askbootstrap.com/preview/foodmart/profile.html]
[askbootstrap.com/cdn-cgi/scripts/5c5dd728/cloudflare-static/email-decode.min.js]
[askbootstrap.com/preview/foodmart/img/tab-1.png]
[askbootstrap.com/preview/foodmart/img/tab-2.png]
[askbootstrap.com/preview/foodmart/img/tab-3.png]
[askbootstrap.com/preview/foodmart/img/tab-4.png]
[askbootstrap.com/preview/foodmart/img/banner2.png]
[askbootstrap.com/preview/foodmart/img/listing-1.png]
[askbootstrap.com/preview/foodmart/img/listing-2.png]
[askbootstrap.com/preview/foodmart/img/listing-3.png]
[askbootstrap.com/preview/foodmart/img/listing-4.png]
[askbootstrap.com/preview/foodmart/img/listing-5.png]
[askbootstrap.com/preview/foodmart/img/listing-6.png]
[askbootstrap.com/preview/foodmart/img/listing-7.png]
[askbootstrap.com/preview/foodmart/img/listing-8.png]
[askbootstrap.com/preview/foodmart/listing.html]
[askbootstrap.com/preview/foodmart/img/product-detail-1.png]
[askbootstrap.com/preview/foodmart/img/product-detail-2.png]
[askbootstrap.com/preview/foodmart/img/product-detail-3.png]
[askbootstrap.com/preview/foodmart/product-detail.html]
[askbootstrap.com/preview/foodmart/cart.html]
[askbootstrap.com/preview/foodmart/img/pickup-delivery.svg]
[askbootstrap.com/preview/foodmart/track-delivery-boy.html]
[askbootstrap.com/preview/foodmart/payment-option.html]
[askbootstrap.com/preview/foodmart/img/clock.gif]
[askbootstrap.com/preview/foodmart/payment-details.html]
[askbootstrap.com/preview/foodmart/img/order-received.png]
[askbootstrap.com/preview/foodmart/order-received.html]
[askbootstrap.com/preview/foodmart/track-order.html]
[askbootstrap.com/preview/foodmart/order-detail.html]
[askbootstrap.com/preview/foodmart/vender/bootstrap/js/bootstrap.bundle.min.js]
[askbootstrap.com/preview/foodmart/vender/jquery/jquery.min.js]
[askbootstrap.com/preview/foodmart/vender/slick/slick/slick.min.js]
[askbootstrap.com/preview/foodmart/vender/sidebar/hc-offcanvas-nav.js]
[www.google-analytics.com/analytics.js]
[askbootstrap.com/preview/foodmart/js/custom.js]
[cdn.jsdelivr.net/npm/bootstrap-icons@1.10.3/font/fonts/bootstrap-iconsbf04.woff2]
[cdn.jsdelivr.net/npm/bootstrap-icons@1.10.3/font/fonts/bootstrap-iconsbf04.woff]
[cdn.jsdelivr.net/npm/bootstrap-icons@1.10.3/font/bootstrap-icons.css]
[askbootstrap.com/preview/foodmart/img/pickup-delivery.svg]
